Determining if the pthread_create exist failed with the following output:
Change Dir: /home/mamad/Graspit/build/CMakeFiles/CMakeTmp

Run Build Command:"/usr/bin/make" "cmTC_ea69c/fast"
/usr/bin/make -f CMakeFiles/cmTC_ea69c.dir/build.make CMakeFiles/cmTC_ea69c.dir/build
make[1]: Entering directory '/home/mamad/Graspit/build/CMakeFiles/CMakeTmp'
Building C object CMakeFiles/cmTC_ea69c.dir/CheckSymbolExists.c.o
/usr/bin/cc     -o CMakeFiles/cmTC_ea69c.dir/CheckSymbolExists.c.o   -c /home/mamad/Graspit/build/CMakeFiles/CMakeTmp/CheckSymbolExists.c
Linking C executable cmTC_ea69c
/usr/bin/cmake -E cmake_link_script CMakeFiles/cmTC_ea69c.dir/link.txt --verbose=1
/usr/bin/cc       CMakeFiles/cmTC_ea69c.dir/CheckSymbolExists.c.o  -o cmTC_ea69c -rdynamic 
CMakeFiles/cmTC_ea69c.dir/CheckSymbolExists.c.o: In function `main':
CheckSymbolExists.c:(.text+0x16): undefined reference to `pthread_create'
collect2: error: ld returned 1 exit status
CMakeFiles/cmTC_ea69c.dir/build.make:97: recipe for target 'cmTC_ea69c' failed
make[1]: *** [cmTC_ea69c] Error 1
make[1]: Leaving directory '/home/mamad/Graspit/build/CMakeFiles/CMakeTmp'
Makefile:126: recipe for target 'cmTC_ea69c/fast' failed
make: *** [cmTC_ea69c/fast] Error 2

File /home/mamad/Graspit/build/CMakeFiles/CMakeTmp/CheckSymbolExists.c:
/* */
#include <pthread.h>

int main(int argc, char** argv)
{
  (void)argv;
#ifndef pthread_create
  return ((int*)(&pthread_create))[argc];
#else
  (void)argc;
  return 0;
#endif
}

Determining if the function pthread_create exists in the pthreads failed with the following output:
Change Dir: /home/mamad/Graspit/build/CMakeFiles/CMakeTmp

Run Build Command:"/usr/bin/make" "cmTC_188bd/fast"
/usr/bin/make -f CMakeFiles/cmTC_188bd.dir/build.make CMakeFiles/cmTC_188bd.dir/build
make[1]: Entering directory '/home/mamad/Graspit/build/CMakeFiles/CMakeTmp'
Building C object CMakeFiles/cmTC_188bd.dir/CheckFunctionExists.c.o
/usr/bin/cc    -DCHECK_FUNCTION_EXISTS=pthread_create   -o CMakeFiles/cmTC_188bd.dir/CheckFunctionExists.c.o   -c /usr/share/cmake-3.5/Modules/CheckFunctionExists.c
Linking C executable cmTC_188bd
/usr/bin/cmake -E cmake_link_script CMakeFiles/cmTC_188bd.dir/link.txt --verbose=1
/usr/bin/cc   -DCHECK_FUNCTION_EXISTS=pthread_create    CMakeFiles/cmTC_188bd.dir/CheckFunctionExists.c.o  -o cmTC_188bd -rdynamic -lpthreads 
/usr/bin/ld: cannot find -lpthreads
collect2: error: ld returned 1 exit status
CMakeFiles/cmTC_188bd.dir/build.make:97: recipe for target 'cmTC_188bd' failed
make[1]: *** [cmTC_188bd] Error 1
make[1]: Leaving directory '/home/mamad/Graspit/build/CMakeFiles/CMakeTmp'
Makefile:126: recipe for target 'cmTC_188bd/fast' failed
make: *** [cmTC_188bd/fast] Error 2


Determining if the Q_WS_WIN exist failed with the following output:
Change Dir: /home/mamad/Graspit/build/CMakeFiles/CMakeTmp

Run Build Command:"/usr/bin/make" "cmTC_77199/fast"
/usr/bin/make -f CMakeFiles/cmTC_77199.dir/build.make CMakeFiles/cmTC_77199.dir/build
make[1]: Entering directory '/home/mamad/Graspit/build/CMakeFiles/CMakeTmp'
Building CXX object CMakeFiles/cmTC_77199.dir/CheckSymbolExists.cxx.o
/usr/bin/c++    -I/usr/include/qt4   -o CMakeFiles/cmTC_77199.dir/CheckSymbolExists.cxx.o -c /home/mamad/Graspit/build/CMakeFiles/CMakeTmp/CheckSymbolExists.cxx
/home/mamad/Graspit/build/CMakeFiles/CMakeTmp/CheckSymbolExists.cxx: In function 'int main(int, char**)':
/home/mamad/Graspit/build/CMakeFiles/CMakeTmp/CheckSymbolExists.cxx:8:19: error: 'Q_WS_WIN' was not declared in this scope
   return ((int*)(&Q_WS_WIN))[argc];
                   ^
CMakeFiles/cmTC_77199.dir/build.make:65: recipe for target 'CMakeFiles/cmTC_77199.dir/CheckSymbolExists.cxx.o' failed
make[1]: *** [CMakeFiles/cmTC_77199.dir/CheckSymbolExists.cxx.o] Error 1
make[1]: Leaving directory '/home/mamad/Graspit/build/CMakeFiles/CMakeTmp'
Makefile:126: recipe for target 'cmTC_77199/fast' failed
make: *** [cmTC_77199/fast] Error 2

File /home/mamad/Graspit/build/CMakeFiles/CMakeTmp/CheckSymbolExists.cxx:
/* */
#include <QtCore/qglobal.h>

int main(int argc, char** argv)
{
  (void)argv;
#ifndef Q_WS_WIN
  return ((int*)(&Q_WS_WIN))[argc];
#else
  (void)argc;
  return 0;
#endif
}

Determining if the Q_WS_QWS exist failed with the following output:
Change Dir: /home/mamad/Graspit/build/CMakeFiles/CMakeTmp

Run Build Command:"/usr/bin/make" "cmTC_cc797/fast"
/usr/bin/make -f CMakeFiles/cmTC_cc797.dir/build.make CMakeFiles/cmTC_cc797.dir/build
make[1]: Entering directory '/home/mamad/Graspit/build/CMakeFiles/CMakeTmp'
Building CXX object CMakeFiles/cmTC_cc797.dir/CheckSymbolExists.cxx.o
/usr/bin/c++    -I/usr/include/qt4   -o CMakeFiles/cmTC_cc797.dir/CheckSymbolExists.cxx.o -c /home/mamad/Graspit/build/CMakeFiles/CMakeTmp/CheckSymbolExists.cxx
/home/mamad/Graspit/build/CMakeFiles/CMakeTmp/CheckSymbolExists.cxx: In function 'int main(int, char**)':
/home/mamad/Graspit/build/CMakeFiles/CMakeTmp/CheckSymbolExists.cxx:8:19: error: 'Q_WS_QWS' was not declared in this scope
   return ((int*)(&Q_WS_QWS))[argc];
                   ^
CMakeFiles/cmTC_cc797.dir/build.make:65: recipe for target 'CMakeFiles/cmTC_cc797.dir/CheckSymbolExists.cxx.o' failed
make[1]: *** [CMakeFiles/cmTC_cc797.dir/CheckSymbolExists.cxx.o] Error 1
make[1]: Leaving directory '/home/mamad/Graspit/build/CMakeFiles/CMakeTmp'
Makefile:126: recipe for target 'cmTC_cc797/fast' failed
make: *** [cmTC_cc797/fast] Error 2

File /home/mamad/Graspit/build/CMakeFiles/CMakeTmp/CheckSymbolExists.cxx:
/* */
#include <QtCore/qglobal.h>

int main(int argc, char** argv)
{
  (void)argv;
#ifndef Q_WS_QWS
  return ((int*)(&Q_WS_QWS))[argc];
#else
  (void)argc;
  return 0;
#endif
}

Determining if the Q_WS_MAC exist failed with the following output:
Change Dir: /home/mamad/Graspit/build/CMakeFiles/CMakeTmp

Run Build Command:"/usr/bin/make" "cmTC_53d4b/fast"
/usr/bin/make -f CMakeFiles/cmTC_53d4b.dir/build.make CMakeFiles/cmTC_53d4b.dir/build
make[1]: Entering directory '/home/mamad/Graspit/build/CMakeFiles/CMakeTmp'
Building CXX object CMakeFiles/cmTC_53d4b.dir/CheckSymbolExists.cxx.o
/usr/bin/c++    -I/usr/include/qt4   -o CMakeFiles/cmTC_53d4b.dir/CheckSymbolExists.cxx.o -c /home/mamad/Graspit/build/CMakeFiles/CMakeTmp/CheckSymbolExists.cxx
/home/mamad/Graspit/build/CMakeFiles/CMakeTmp/CheckSymbolExists.cxx: In function 'int main(int, char**)':
/home/mamad/Graspit/build/CMakeFiles/CMakeTmp/CheckSymbolExists.cxx:8:19: error: 'Q_WS_MAC' was not declared in this scope
   return ((int*)(&Q_WS_MAC))[argc];
                   ^
CMakeFiles/cmTC_53d4b.dir/build.make:65: recipe for target 'CMakeFiles/cmTC_53d4b.dir/CheckSymbolExists.cxx.o' failed
make[1]: *** [CMakeFiles/cmTC_53d4b.dir/CheckSymbolExists.cxx.o] Error 1
make[1]: Leaving directory '/home/mamad/Graspit/build/CMakeFiles/CMakeTmp'
Makefile:126: recipe for target 'cmTC_53d4b/fast' failed
make: *** [cmTC_53d4b/fast] Error 2

File /home/mamad/Graspit/build/CMakeFiles/CMakeTmp/CheckSymbolExists.cxx:
/* */
#include <QtCore/qglobal.h>

int main(int argc, char** argv)
{
  (void)argv;
#ifndef Q_WS_MAC
  return ((int*)(&Q_WS_MAC))[argc];
#else
  (void)argc;
  return 0;
#endif
}

